\BOOKMARK [0][-]{chapter*.1}{\376\377\144\130\211\201}{}% 1
\BOOKMARK [0][-]{chapter*.2}{\376\377\000A\000B\000S\000T\000R\000A\000C\000T}{}% 2
\BOOKMARK [0][-]{chapter.4}{\376\377\176\352\213\272}{}% 3
\BOOKMARK [1][-]{section.5}{\376\377\170\024\172\166\200\314\146\157}{chapter.4}% 4
\BOOKMARK [1][-]{section.6}{\376\377\170\024\172\166\166\356\166\204}{chapter.4}% 5
\BOOKMARK [1][-]{section.7}{\376\377\213\272\145\207\176\323\147\204}{chapter.4}% 6
\BOOKMARK [0][-]{chapter.8}{\376\377\166\370\121\163\135\345\117\134}{}% 7
\BOOKMARK [1][-]{section.9}{\376\377\155\101\117\123\116\377\167\037\142\200\147\057\170\024\172\166\163\260\162\266}{chapter.8}% 8
\BOOKMARK [1][-]{section.12}{\376\377\155\101\117\123\156\062\147\323\145\271\154\325\170\024\172\166\163\260\162\266}{chapter.8}% 9
\BOOKMARK [1][-]{section.15}{\376\377\117\116\122\237\200\027\156\062\147\323\142\200\147\057\166\204\170\024\172\166\217\333\134\125}{chapter.8}% 10
\BOOKMARK [0][-]{chapter.16}{\376\377\127\372\116\216\174\222\133\120\166\204\137\353\220\037\155\101\117\123\116\377\167\037\145\271\154\325}{}% 11
\BOOKMARK [1][-]{section.17}{\376\377\000S\000P\000H\000\040\155\101\117\123\152\041\142\337\166\204\133\236\163\260\123\237\164\006}{chapter.16}% 12
\BOOKMARK [1][-]{section.35}{\376\377\171\373\122\250\172\357\166\204\213\241\173\227\117\030\123\026}{chapter.16}% 13
\BOOKMARK [1][-]{section.61}{\376\377\171\373\122\250\172\357\166\204\123\302\145\160\117\030\123\026}{chapter.16}% 14
\BOOKMARK [0][-]{chapter.69}{\376\377\155\101\117\123\156\062\147\323\145\271\154\325}{}% 15
\BOOKMARK [1][-]{section.70}{\376\377\155\101\117\123\156\062\147\323\145\271\154\325\140\047\200\375\122\006\147\220}{chapter.69}% 16
\BOOKMARK [1][-]{section.72}{\376\377\134\117\136\125\172\172\225\364\156\062\147\323\145\271\154\325\133\236\163\260}{chapter.69}% 17
\BOOKMARK [0][-]{chapter.89}{\376\377\227\142\124\021\171\373\122\250\172\357\166\204\155\101\117\123\116\377\167\037\174\373\176\337}{}% 18
\BOOKMARK [1][-]{section.90}{\376\377\171\373\122\250\172\357\155\101\117\123\116\377\167\037\174\373\176\337\147\266\147\204}{chapter.89}% 19
\BOOKMARK [1][-]{section.91}{\376\377\155\101\117\123\116\377\167\037\174\373\176\337\116\244\116\222\165\114\227\142}{chapter.89}% 20
\BOOKMARK [0][-]{chapter.92}{\376\377\133\236\232\214\116\016\176\323\147\234}{}% 21
\BOOKMARK [1][-]{section.93}{\376\377\156\062\147\323\145\110\147\234\213\304\117\060}{chapter.92}% 22
\BOOKMARK [1][-]{section.94}{\376\377\116\377\167\037\140\047\200\375\213\304\117\060}{chapter.92}% 23
\BOOKMARK [0][-]{chapter.95}{\376\377\176\323\213\272}{}% 24
\BOOKMARK [1][-]{section.96}{\376\377\170\024\172\166\140\073\176\323}{chapter.95}% 25
\BOOKMARK [1][-]{section.97}{\376\377\215\041\163\056\116\016\134\125\147\033}{chapter.95}% 26
\BOOKMARK [0][-]{chapter*.98}{\376\377\123\302\200\003\145\207\163\056}{}% 27
\BOOKMARK [0][-]{appendix*.99}{\376\377\226\104\137\125}{}% 28
\BOOKMARK [0][-]{appendix*.122}{\376\377\201\364\214\042}{}% 29
